2023-05-03 18:58:16,825 [INFO] Activator:178 - 


2023-05-03 18:58:16,828 [INFO] Activator:179 - !SESSION log4j initialized
2023-05-03 18:58:22,988 [INFO] ApplicationProperties:181 - Using Application install path: C:\ST\STM32CubeIDE_1.4.0\STM32CubeIDE\plugins\com.st.stm32cube.common.mx_6.0.0.202007160824
2023-05-03 18:58:23,004 [INFO] DbMcusXml:70 - Set database path to: C:\ST\STM32CubeIDE_1.4.0\STM32CubeIDE\plugins\com.st.stm32cube.common.mx_6.0.0.202007160824\\db\/mcu/
2023-05-03 18:58:23,011 [INFO] DbBoardsPdsc:56 - Set plugin database path to: C:\ST\STM32CubeIDE_1.4.0\STM32CubeIDE\plugins\com.st.stm32cube.common.mx_6.0.0.202007160824\\db\/plugins/boardmanager/
2023-05-03 18:58:23,011 [INFO] DbMcus:258 - Set plugin images path to: C:\ST\STM32CubeIDE_1.4.0\STM32CubeIDE\plugins\com.st.stm32cube.common.mx_6.0.0.202007160824\\db\/plugins/mcufinder/images/
2023-05-03 18:58:23,012 [INFO] DbBoards:264 - Set plugin images path to: C:\ST\STM32CubeIDE_1.4.0\STM32CubeIDE\plugins\com.st.stm32cube.common.mx_6.0.0.202007160824\\db\/plugins/mcufinder/images/
2023-05-03 18:58:23,016 [INFO] DbExamples:326 - Set plugin images path to: C:\ST\STM32CubeIDE_1.4.0\STM32CubeIDE\plugins\com.st.stm32cube.common.mx_6.0.0.202007160824\\db\/plugins/mcufinder/images/
2023-05-03 18:58:23,074 [INFO] DbMcusDocs:112 - Set database path to: C:\Users\Lenovo\.stmcufinder\plugins\mcufinder//mcu/
2023-05-03 18:58:23,076 [INFO] DbMcusJson:63 - Set database path to: C:\Users\Lenovo\.stmcufinder\plugins\mcufinder//mcu/
2023-05-03 18:58:23,077 [INFO] DbBoardsDocs:112 - Set database path to: C:\Users\Lenovo\.stmcufinder\plugins\mcufinder//mcu/
2023-05-03 18:58:23,078 [INFO] DbBoardsJson:56 - Set database path to: C:\Users\Lenovo\.stmcufinder\plugins\mcufinder//mcu/
2023-05-03 18:58:23,081 [INFO] CrossReferenceDbSqlite:196 - Set database path to: C:\Users\Lenovo\.stmcufinder\plugins\mcufinder//mcu/cs/
2023-05-03 18:58:23,084 [INFO] DbExamplesSqlite:800 - Set database path to: C:\Users\Lenovo\.stmcufinder\plugins\mcufinder//mcu/
2023-05-03 18:58:23,211 [INFO] RulesReader:52 - Compatibility file has been processed (209 Rules)
2023-05-03 18:58:23,302 [INFO] MicroXplorer:564 - Detected Java Version = 1.8.0_252
2023-05-03 18:58:23,302 [INFO] DbMcusXml:70 - Set database path to: C:\ST\STM32CubeIDE_1.4.0\STM32CubeIDE\plugins\com.st.stm32cube.common.mx_6.0.0.202007160824\\db\/mcu/
2023-05-03 18:58:23,303 [INFO] DbBoardsPdsc:56 - Set plugin database path to: C:\ST\STM32CubeIDE_1.4.0\STM32CubeIDE\plugins\com.st.stm32cube.common.mx_6.0.0.202007160824\\db\/plugins/boardmanager/
2023-05-03 18:58:23,303 [INFO] DbMcus:258 - Set plugin images path to: C:\ST\STM32CubeIDE_1.4.0\STM32CubeIDE\plugins\com.st.stm32cube.common.mx_6.0.0.202007160824\\db\/plugins/mcufinder/images/
2023-05-03 18:58:23,303 [INFO] DbBoards:264 - Set plugin images path to: C:\ST\STM32CubeIDE_1.4.0\STM32CubeIDE\plugins\com.st.stm32cube.common.mx_6.0.0.202007160824\\db\/plugins/mcufinder/images/
2023-05-03 18:58:23,304 [INFO] DbExamples:326 - Set plugin images path to: C:\ST\STM32CubeIDE_1.4.0\STM32CubeIDE\plugins\com.st.stm32cube.common.mx_6.0.0.202007160824\\db\/plugins/mcufinder/images/
2023-05-03 18:58:23,304 [WARN] DbFile:36 - Overriding database path with different value: C:\Users\Lenovo\.stmcufinder\plugins\mcufinder/ => C:\Users\Lenovo\.stmcufinder\plugins\mcufinder
2023-05-03 18:58:23,304 [INFO] DbMcusDocs:112 - Set database path to: C:\Users\Lenovo\.stmcufinder\plugins\mcufinder//mcu/
2023-05-03 18:58:23,304 [WARN] DbFile:36 - Overriding database path with different value: C:\Users\Lenovo\.stmcufinder\plugins\mcufinder/ => C:\Users\Lenovo\.stmcufinder\plugins\mcufinder
2023-05-03 18:58:23,304 [INFO] DbMcusJson:63 - Set database path to: C:\Users\Lenovo\.stmcufinder\plugins\mcufinder//mcu/
2023-05-03 18:58:23,304 [WARN] DbFile:36 - Overriding database path with different value: C:\Users\Lenovo\.stmcufinder\plugins\mcufinder/ => C:\Users\Lenovo\.stmcufinder\plugins\mcufinder
2023-05-03 18:58:23,304 [INFO] DbBoardsDocs:112 - Set database path to: C:\Users\Lenovo\.stmcufinder\plugins\mcufinder//mcu/
2023-05-03 18:58:23,304 [WARN] DbFile:36 - Overriding database path with different value: C:\Users\Lenovo\.stmcufinder\plugins\mcufinder/ => C:\Users\Lenovo\.stmcufinder\plugins\mcufinder
2023-05-03 18:58:23,305 [INFO] DbBoardsJson:56 - Set database path to: C:\Users\Lenovo\.stmcufinder\plugins\mcufinder//mcu/
2023-05-03 18:58:23,305 [WARN] DbFile:36 - Overriding database path with different value: C:\Users\Lenovo\.stmcufinder\plugins\mcufinder/ => C:\Users\Lenovo\.stmcufinder\plugins\mcufinder
2023-05-03 18:58:23,305 [WARN] DbFile:36 - Overriding database path with different value: C:\Users\Lenovo\.stmcufinder\plugins\mcufinder/ => C:\Users\Lenovo\.stmcufinder\plugins\mcufinder
2023-05-03 18:58:23,305 [INFO] CrossReferenceDbSqlite:196 - Set database path to: C:\Users\Lenovo\.stmcufinder\plugins\mcufinder//mcu/cs/
2023-05-03 18:58:23,305 [WARN] DbFile:36 - Overriding database path with different value: C:\Users\Lenovo\.stmcufinder\plugins\mcufinder/ => C:\Users\Lenovo\.stmcufinder\plugins\mcufinder
2023-05-03 18:58:23,305 [INFO] DbExamplesSqlite:800 - Set database path to: C:\Users\Lenovo\.stmcufinder\plugins\mcufinder//mcu/
2023-05-03 18:58:23,379 [INFO] MainPanel:189 - HeapMemory: 268435456
2023-05-03 18:58:23,460 [INFO] DbMcusXml:70 - Set database path to: C:\ST\STM32CubeIDE_1.4.0\STM32CubeIDE\plugins\com.st.stm32cube.common.mx_6.0.0.202007160824\\db\/mcu/
2023-05-03 18:58:23,460 [INFO] DbBoardsPdsc:56 - Set plugin database path to: C:\ST\STM32CubeIDE_1.4.0\STM32CubeIDE\plugins\com.st.stm32cube.common.mx_6.0.0.202007160824\\db\/plugins/boardmanager/
2023-05-03 18:58:23,460 [INFO] DbMcus:258 - Set plugin images path to: C:\ST\STM32CubeIDE_1.4.0\STM32CubeIDE\plugins\com.st.stm32cube.common.mx_6.0.0.202007160824\\db\/plugins/mcufinder/images/
2023-05-03 18:58:23,460 [INFO] DbBoards:264 - Set plugin images path to: C:\ST\STM32CubeIDE_1.4.0\STM32CubeIDE\plugins\com.st.stm32cube.common.mx_6.0.0.202007160824\\db\/plugins/mcufinder/images/
2023-05-03 18:58:23,460 [INFO] DbExamples:326 - Set plugin images path to: C:\ST\STM32CubeIDE_1.4.0\STM32CubeIDE\plugins\com.st.stm32cube.common.mx_6.0.0.202007160824\\db\/plugins/mcufinder/images/
2023-05-03 18:58:23,461 [WARN] DbFile:36 - Overriding database path with different value: C:\Users\Lenovo\.stmcufinder\plugins\mcufinder/ => C:\Users\Lenovo\.stmcufinder\plugins\mcufinder
2023-05-03 18:58:23,461 [INFO] DbMcusDocs:112 - Set database path to: C:\Users\Lenovo\.stmcufinder\plugins\mcufinder//mcu/
2023-05-03 18:58:23,461 [WARN] DbFile:36 - Overriding database path with different value: C:\Users\Lenovo\.stmcufinder\plugins\mcufinder/ => C:\Users\Lenovo\.stmcufinder\plugins\mcufinder
2023-05-03 18:58:23,461 [INFO] DbMcusJson:63 - Set database path to: C:\Users\Lenovo\.stmcufinder\plugins\mcufinder//mcu/
2023-05-03 18:58:23,461 [WARN] DbFile:36 - Overriding database path with different value: C:\Users\Lenovo\.stmcufinder\plugins\mcufinder/ => C:\Users\Lenovo\.stmcufinder\plugins\mcufinder
2023-05-03 18:58:23,461 [INFO] DbBoardsDocs:112 - Set database path to: C:\Users\Lenovo\.stmcufinder\plugins\mcufinder//mcu/
2023-05-03 18:58:23,462 [WARN] DbFile:36 - Overriding database path with different value: C:\Users\Lenovo\.stmcufinder\plugins\mcufinder/ => C:\Users\Lenovo\.stmcufinder\plugins\mcufinder
2023-05-03 18:58:23,462 [INFO] DbBoardsJson:56 - Set database path to: C:\Users\Lenovo\.stmcufinder\plugins\mcufinder//mcu/
2023-05-03 18:58:23,462 [WARN] DbFile:36 - Overriding database path with different value: C:\Users\Lenovo\.stmcufinder\plugins\mcufinder/ => C:\Users\Lenovo\.stmcufinder\plugins\mcufinder
2023-05-03 18:58:23,462 [WARN] DbFile:36 - Overriding database path with different value: C:\Users\Lenovo\.stmcufinder\plugins\mcufinder/ => C:\Users\Lenovo\.stmcufinder\plugins\mcufinder
2023-05-03 18:58:23,462 [INFO] CrossReferenceDbSqlite:196 - Set database path to: C:\Users\Lenovo\.stmcufinder\plugins\mcufinder//mcu/cs/
2023-05-03 18:58:23,462 [WARN] DbFile:36 - Overriding database path with different value: C:\Users\Lenovo\.stmcufinder\plugins\mcufinder/ => C:\Users\Lenovo\.stmcufinder\plugins\mcufinder
2023-05-03 18:58:23,462 [INFO] DbExamplesSqlite:800 - Set database path to: C:\Users\Lenovo\.stmcufinder\plugins\mcufinder//mcu/
2023-05-03 18:58:23,479 [INFO] ApplicationProperties:181 - Using Application install path: C:\ST\STM32CubeIDE_1.4.0\STM32CubeIDE\plugins\com.st.stm32cube.common.mx_6.0.0.202007160824
2023-05-03 18:58:23,481 [INFO] PluginManage:178 - Search for loadable plugins [exclusion list=, ]
2023-05-03 18:58:23,482 [INFO] PluginManage:292 - Check plugin analytics
2023-05-03 18:58:23,620 [INFO] AnalyticsPlugin:203 - Accepted Software Licenses: 
2023-05-03 18:58:23,621 [INFO] AnalyticsPlugin:205 - Accepted CMSIS Pack Licenses: 
2023-05-03 18:58:23,621 [INFO] AnalyticsPlugin:207 - Accepted Firmware Licenses: 
2023-05-03 18:58:23,621 [INFO] PluginManage:342 - Loaded plugin analytics (category:tool,tabindex:-1)
2023-05-03 18:58:23,622 [INFO] PluginManage:292 - Check plugin clock
2023-05-03 18:58:23,643 [INFO] PluginManage:342 - Loaded plugin clock (category:base,tabindex:2)
2023-05-03 18:58:23,644 [INFO] PluginManage:292 - Check plugin ddr
2023-05-03 18:58:23,646 [INFO] PluginManage:342 - Loaded plugin ddr (category:tool,tabindex:6)
2023-05-03 18:58:23,646 [INFO] PluginManage:292 - Check plugin filemanager
2023-05-03 18:58:23,765 [INFO] PluginManage:342 - Loaded plugin filemanager (category:base,tabindex:10)
2023-05-03 18:58:23,765 [INFO] PluginManage:292 - Check plugin ipmanager
2023-05-03 18:58:23,772 [INFO] PluginManage:342 - Loaded plugin ipmanager (category:base,tabindex:5)
2023-05-03 18:58:23,773 [INFO] PluginManage:292 - Check plugin pinoutandconfiguration
2023-05-03 18:58:23,791 [INFO] PluginManage:342 - Loaded plugin pinoutandconfiguration (category:base,tabindex:1)
2023-05-03 18:58:23,791 [INFO] PluginManage:292 - Check plugin pinoutconfig
2023-05-03 18:58:23,829 [INFO] PluginManage:342 - Loaded plugin pinoutconfig (category:base,tabindex:0)
2023-05-03 18:58:23,830 [INFO] PluginManage:292 - Check plugin power
2023-05-03 18:58:23,850 [INFO] PluginManage:342 - Loaded plugin power (category:power,tabindex:4)
2023-05-03 18:58:23,851 [INFO] PluginManage:292 - Check plugin projectmanager
2023-05-03 18:58:23,866 [INFO] PluginManage:342 - Loaded plugin projectmanager (category:projectmanager,tabindex:3)
2023-05-03 18:58:23,866 [INFO] PluginManage:292 - Check plugin thirdparty
2023-05-03 18:58:24,029 [INFO] ThirdPartyDb:333 - Open Third Party DataBase File (C:/Users/Lenovo/.stm32cubemx/plugins/thirdparty/db/thirdparties_db.xml) : 63 ms. number of Sw pack : 52
2023-05-03 18:58:24,034 [INFO] PluginManage:342 - Loaded plugin thirdparty (category:base,tabindex:-1)
2023-05-03 18:58:24,034 [INFO] PluginManage:292 - Check plugin tools
2023-05-03 18:58:24,090 [INFO] PluginManage:342 - Loaded plugin tools (category:base,tabindex:7)
2023-05-03 18:58:24,091 [INFO] PluginManage:292 - Check plugin tutovideos
2023-05-03 18:58:24,308 [INFO] PluginManage:342 - Loaded plugin tutovideos (category:base,tabindex:-1)
2023-05-03 18:58:24,309 [INFO] PluginManage:292 - Check plugin updater
2023-05-03 18:58:24,322 [INFO] PluginManage:342 - Loaded plugin updater (category:base,tabindex:12)
2023-05-03 18:58:24,322 [INFO] PluginManage:265 - PluginManage : Loaded plugins [13]
2023-05-03 18:58:24,483 [INFO] PinOutPanel:1418 - setPackage(No Configuration,No Configuration)
2023-05-03 18:58:24,579 [INFO] IPUIPlugin:64 - create IPUIPlugin
2023-05-03 18:58:24,580 [INFO] PluginManager:200 - loadIPPluginJar : add adc
2023-05-03 18:58:24,615 [INFO] IPUIPlugin:64 - create IPUIPlugin
2023-05-03 18:58:24,615 [INFO] PluginManager:200 - loadIPPluginJar : add aes
2023-05-03 18:58:24,656 [INFO] IPUIPlugin:64 - create IPUIPlugin
2023-05-03 18:58:24,657 [INFO] PluginManager:200 - loadIPPluginJar : add can
2023-05-03 18:58:24,682 [INFO] IPUIPlugin:64 - create IPUIPlugin
2023-05-03 18:58:24,682 [INFO] PluginManager:200 - loadIPPluginJar : add comp
2023-05-03 18:58:24,711 [INFO] IPUIPlugin:64 - create IPUIPlugin
2023-05-03 18:58:24,711 [INFO] PluginManager:200 - loadIPPluginJar : add cryp
2023-05-03 18:58:24,740 [INFO] IPUIPlugin:64 - create IPUIPlugin
2023-05-03 18:58:24,741 [INFO] PluginManager:200 - loadIPPluginJar : add dfsdm
2023-05-03 18:58:24,754 [INFO] IPUIPlugin:64 - create IPUIPlugin
2023-05-03 18:58:24,755 [INFO] PluginManager:200 - loadIPPluginJar : add dma
2023-05-03 18:58:24,784 [INFO] IPUIPlugin:64 - create IPUIPlugin
2023-05-03 18:58:24,784 [INFO] PluginManager:200 - loadIPPluginJar : add fatfs
2023-05-03 18:58:24,832 [INFO] IPUIPlugin:64 - create IPUIPlugin
2023-05-03 18:58:24,832 [INFO] PluginManager:200 - loadIPPluginJar : add fmc
2023-05-03 18:58:24,849 [INFO] IPUIPlugin:64 - create IPUIPlugin
2023-05-03 18:58:24,849 [INFO] PluginManager:200 - loadIPPluginJar : add freertos
2023-05-03 18:58:24,874 [INFO] IPUIPlugin:64 - create IPUIPlugin
2023-05-03 18:58:24,874 [INFO] PluginManager:200 - loadIPPluginJar : add genericplugin
2023-05-03 18:58:24,948 [INFO] IPUIPlugin:64 - create IPUIPlugin
2023-05-03 18:58:24,948 [INFO] PluginManager:200 - loadIPPluginJar : add gfxmmu
2023-05-03 18:58:25,049 [INFO] IPUIPlugin:64 - create IPUIPlugin
2023-05-03 18:58:25,050 [INFO] PluginManager:200 - loadIPPluginJar : add gic
2023-05-03 18:58:25,062 [INFO] IPUIPlugin:64 - create IPUIPlugin
2023-05-03 18:58:25,062 [INFO] PluginManager:200 - loadIPPluginJar : add gpio
2023-05-03 18:58:25,116 [INFO] IPUIPlugin:64 - create IPUIPlugin
2023-05-03 18:58:25,116 [INFO] PluginManager:200 - loadIPPluginJar : add gtzc
2023-05-03 18:58:25,145 [INFO] IPUIPlugin:64 - create IPUIPlugin
2023-05-03 18:58:25,145 [INFO] PluginManager:200 - loadIPPluginJar : add hash
2023-05-03 18:58:25,190 [INFO] IPUIPlugin:64 - create IPUIPlugin
2023-05-03 18:58:25,191 [INFO] PluginManager:200 - loadIPPluginJar : add i2c
2023-05-03 18:58:25,229 [INFO] IPUIPlugin:64 - create IPUIPlugin
2023-05-03 18:58:25,229 [INFO] PluginManager:200 - loadIPPluginJar : add i2s
2023-05-03 18:58:25,240 [INFO] IPUIPlugin:64 - create IPUIPlugin
2023-05-03 18:58:25,241 [INFO] PluginManager:200 - loadIPPluginJar : add ipddr
2023-05-03 18:58:25,274 [INFO] IPUIPlugin:64 - create IPUIPlugin
2023-05-03 18:58:25,275 [INFO] PluginManager:200 - loadIPPluginJar : add ltdc
2023-05-03 18:58:25,286 [INFO] IPUIPlugin:64 - create IPUIPlugin
2023-05-03 18:58:25,287 [INFO] PluginManager:200 - loadIPPluginJar : add mdma
2023-05-03 18:58:25,298 [INFO] IPUIPlugin:64 - create IPUIPlugin
2023-05-03 18:58:25,298 [INFO] PluginManager:200 - loadIPPluginJar : add nvic
2023-05-03 18:58:25,331 [INFO] IPUIPlugin:64 - create IPUIPlugin
2023-05-03 18:58:25,331 [INFO] PluginManager:200 - loadIPPluginJar : add opamp
2023-05-03 18:58:25,385 [INFO] IPUIPlugin:64 - create IPUIPlugin
2023-05-03 18:58:25,385 [INFO] PluginManager:200 - loadIPPluginJar : add openamp
2023-05-03 18:58:25,424 [INFO] IPUIPlugin:64 - create IPUIPlugin
2023-05-03 18:58:25,425 [INFO] PluginManager:200 - loadIPPluginJar : add pdm2pcm
2023-05-03 18:58:25,440 [INFO] IPUIPlugin:64 - create IPUIPlugin
2023-05-03 18:58:25,442 [INFO] PluginManager:200 - loadIPPluginJar : add plateformsettings
2023-05-03 18:58:25,466 [INFO] IPUIPlugin:64 - create IPUIPlugin
2023-05-03 18:58:25,466 [INFO] PluginManager:200 - loadIPPluginJar : add quadspi
2023-05-03 18:58:25,479 [INFO] IPUIPlugin:64 - create IPUIPlugin
2023-05-03 18:58:25,479 [INFO] PluginManager:200 - loadIPPluginJar : add resmgrutility
2023-05-03 18:58:25,526 [INFO] IPUIPlugin:64 - create IPUIPlugin
2023-05-03 18:58:25,527 [INFO] PluginManager:200 - loadIPPluginJar : add sai
2023-05-03 18:58:25,561 [INFO] IPUIPlugin:64 - create IPUIPlugin
2023-05-03 18:58:25,561 [INFO] PluginManager:200 - loadIPPluginJar : add spi
2023-05-03 18:58:25,604 [INFO] IPUIPlugin:64 - create IPUIPlugin
2023-05-03 18:58:25,604 [INFO] PluginManager:200 - loadIPPluginJar : add stm32_wpan
2023-05-03 18:58:25,628 [INFO] IPUIPlugin:64 - create IPUIPlugin
2023-05-03 18:58:25,628 [INFO] PluginManager:200 - loadIPPluginJar : add tim
2023-05-03 18:58:25,686 [INFO] IPUIPlugin:64 - create IPUIPlugin
2023-05-03 18:58:25,686 [INFO] PluginManager:200 - loadIPPluginJar : add touchsensing
2023-05-03 18:58:25,812 [INFO] IPUIPlugin:64 - create IPUIPlugin
2023-05-03 18:58:25,812 [INFO] PluginManager:200 - loadIPPluginJar : add tracer_emb
2023-05-03 18:58:25,839 [INFO] IPUIPlugin:64 - create IPUIPlugin
2023-05-03 18:58:25,839 [INFO] PluginManager:200 - loadIPPluginJar : add ts
2023-05-03 18:58:25,864 [INFO] IPUIPlugin:64 - create IPUIPlugin
2023-05-03 18:58:25,864 [INFO] PluginManager:200 - loadIPPluginJar : add tsc
2023-05-03 18:58:25,888 [INFO] IPUIPlugin:64 - create IPUIPlugin
2023-05-03 18:58:25,888 [INFO] PluginManager:200 - loadIPPluginJar : add ucpd
2023-05-03 18:58:25,930 [INFO] IPUIPlugin:64 - create IPUIPlugin
2023-05-03 18:58:25,930 [INFO] PluginManager:200 - loadIPPluginJar : add usart
2023-05-03 18:58:26,668 [INFO] CubeProgrammer:457 - [DDR PANEL] - PathOfProgrammer: null
2023-05-03 18:58:27,389 [FATAL] Updater:282 - Updater called before beeing initialized
2023-05-03 18:58:27,535 [FATAL] Updater:282 - Updater called before beeing initialized
2023-05-03 18:58:27,535 [WARN] ThirdParty:775 - waiting for thirdparty lock release [close project]
2023-05-03 18:58:27,535 [INFO] ThirdParty:777 - entering critical section [close project]
2023-05-03 18:58:27,536 [INFO] ThirdParty:790 - exiting critical section [close project]
2023-05-03 18:58:27,538 [INFO] PinOutPanel:1418 - setPackage(No Configuration,No Configuration)
2023-05-03 18:58:27,538 [FATAL] Updater:282 - Updater called before beeing initialized
2023-05-03 18:58:27,548 [ERROR] Updater:967 - MainUpdater not yet initialized. External WinMGr cannot be set.
2023-05-03 18:58:27,550 [INFO] CubeProgrammer:457 - [DDR PANEL] - PathOfProgrammer: C:\ST\STM32CubeIDE_1.4.0\STM32CubeIDE\plugins\com.st.stm32cube.ide.mcu.externaltools.cubeprogrammer.win32_1.4.0.202007081208\tools\bin
2023-05-03 18:58:27,553 [INFO] ProgrammerExecThread:148 - [ProgrammerAPI] CubeProgrammer command construction: C:\ST\STM32CubeIDE_1.4.0\STM32CubeIDE\plugins\com.st.stm32cube.ide.mcu.externaltools.cubeprogrammer.win32_1.4.0.202007081208\tools\bin\STM32_Programmer_CLI.exe -l
2023-05-03 18:58:27,882 [INFO] MainDdrPanel:49 - [DDR PANEL] SETTER - Set cubeProgrammerPath to: C:\ST\STM32CubeIDE_1.4.0\STM32CubeIDE\plugins\com.st.stm32cube.ide.mcu.externaltools.cubeprogrammer.win32_1.4.0.202007081208\tools\bin
2023-05-03 18:58:27,984 [INFO] Updater:904 - Updater Version found : 6.0.0
2023-05-03 18:58:28,002 [INFO] ApplicationProperties:181 - Using Application install path: C:\ST\STM32CubeIDE_1.4.0\STM32CubeIDE\plugins\com.st.stm32cube.common.mx_6.0.0.202007160824
2023-05-03 18:58:28,129 [ERROR] ServerAccessManage:1004 - Warning during Server Connexion :  Unknown host sw-center.st.com
2023-05-03 18:58:28,130 [ERROR] ServerAccessManage:1004 - Warning during Server Connexion :  Unknown host www.ebuc23.com
2023-05-03 18:58:28,131 [INFO] MainUpdater:2268 - connection check result : 22
2023-05-03 18:58:28,132 [INFO] MainUpdater:239 - Updater Check For Update Now.
2023-05-03 18:58:28,132 [INFO] MicroXplorer:414 - Change Database Version : DB.6.0.0
2023-05-03 18:58:28,211 [INFO] CheckServerUpdateThread:102 - End of CheckServer Thread
2023-05-03 18:58:28,269 [ERROR] ServerAccessManage:1004 - Warning during Server Connexion :  Unknown host sw-center.st.com
2023-05-03 18:58:28,270 [ERROR] ServerAccessManage:1004 - Warning during Server Connexion :  Unknown host www.ebuc23.com
2023-05-03 18:58:28,271 [INFO] MainUpdater:2268 - connection check result : 22
2023-05-03 18:58:30,051 [WARN] IntegrityCheckThread:61 - waiting for thirdparty lock release [integrity check]
2023-05-03 18:58:30,051 [INFO] IntegrityCheckThread:63 - entering critical section [integrity check]
2023-05-03 18:58:30,492 [INFO] ThirdPartyDb:299 - Save Third Party DataBase File (C:/Users/Lenovo/.stm32cubemx/plugins/thirdparty/db/thirdparties_db.xml) [forced]
2023-05-03 18:58:30,591 [INFO] ThirdPartyDb:299 - Save Third Party DataBase File (C:/Users/Lenovo/.stm32cubemx/plugins/thirdparty/db/thirdparties_db.xml) [forced]
2023-05-03 18:58:30,694 [INFO] IntegrityCheckThread:76 - exiting critical section [integrity check]
2023-05-03 18:58:30,694 [INFO] IntegrityCheckThread:79 - End integrity checks thread
2023-05-03 18:58:32,629 [INFO] McuFinderGlobals:40 - Set McuFinder mode to 2 (CubeIDE integrated)
2023-05-03 18:58:32,776 [INFO] CrossSelectorPresenter:1330 - Cross Selector saved comparison directory: C:\Users\Lenovo\.stmcufinder\plugins\mcufinder\mcu\cs_comparisons_mx
2023-05-03 18:58:32,782 [INFO] MultiScanPanel:193 - Auto-refresh data requested => check proxy status ongoing
2023-05-03 18:58:32,784 [INFO] FinderPluginLoader:87 - Searching for filters in installed packs
2023-05-03 18:58:32,786 [INFO] DbMcusXml:100 - Load MCU database from C:\ST\STM32CubeIDE_1.4.0\STM32CubeIDE\plugins\com.st.stm32cube.common.mx_6.0.0.202007160824\\db\/mcu/families.xml
2023-05-03 18:58:33,447 [INFO] DbMcusJson:92 - JSON generation date=Tue Nov 16 18:17:54 EET 2021 (1637079474)
2023-05-03 18:58:34,247 [INFO] DbMcus:175 - Found 1761 MCUs (1722 are supported by CubeMX, 1911 are visible in CubeMX)
2023-05-03 18:58:34,248 [INFO] ApiDb:201 - Load user favorites file C:\Users\Lenovo/.stm32cubeide/favorites.mcus.txt: 0 item(s)
2023-05-03 18:58:34,248 [INFO] ApiDb:205 - User favorites MCUs=[]
2023-05-03 18:58:34,248 [INFO] DbMcus:187 - Set 0 / 0 favorites MCUs
2023-05-03 18:58:34,908 [INFO] McuFilterPanel:245 - Update 0 favorites MCUs
2023-05-03 18:58:34,993 [INFO] DbBoardsPdsc:94 - Found 23 items
2023-05-03 18:58:35,006 [INFO] DbBoardsPdsc:94 - Found 9 items
2023-05-03 18:58:35,019 [INFO] DbBoardsPdsc:94 - Found 29 items
2023-05-03 18:58:35,030 [INFO] DbBoardsPdsc:94 - Found 1 items
2023-05-03 18:58:35,046 [INFO] DbBoardsPdsc:94 - Found 44 items
2023-05-03 18:58:35,061 [INFO] DbBoardsPdsc:94 - Found 40 items
2023-05-03 18:58:35,072 [INFO] DbBoardsPdsc:94 - Found 2 items
2023-05-03 18:58:35,084 [INFO] DbBoardsPdsc:94 - Found 4 items
2023-05-03 18:58:35,090 [WARN] DbBoardsPdsc:258 - Board STM32H7B3I-DK: unknown feature type=Audio, name=, username=Audio stereo codec with Headphone Amp (CS42L51-CNZ), n=1
2023-05-03 18:58:35,091 [WARN] DbBoardsPdsc:258 - Board STM32H735G-DK: unknown feature type=Audio, name=, username=Audio stereo codec with Headphone Amp (WM8994ECS/R), n=1
2023-05-03 18:58:35,092 [WARN] DbBoardsPdsc:258 - Board STM32H7B3I-EVAL: unknown feature type=Audio, name=, username=Multi-Channel Audio Codec (CS42L51-CNZ), n=1
2023-05-03 18:58:35,093 [WARN] DbBoardsPdsc:258 - Board STM32H7B3I-EVAL: unknown feature type=Meter, name=, username=Power-metering and Temperature-monitoring with sigma-delta modulators, n=1
2023-05-03 18:58:35,093 [WARN] DbBoardsPdsc:258 - Board STM32H7B3I-EVAL: unknown feature type=Motor, name=, username=Motor Control, n=1
2023-05-03 18:58:35,149 [INFO] DbBoardsJson:85 - JSON generation date=Tue Nov 16 18:17:54 EET 2021 (1637079474)
2023-05-03 18:58:35,153 [INFO] DbBoards:117 - Found 166 boards (149 are supported by CubeMX)
2023-05-03 18:58:35,169 [INFO] DbBoardsDocs:145 - JSON generation date=Tue Nov 16 18:17:54 EET 2021 (1637079474)
2023-05-03 18:58:35,174 [INFO] DbBoardsDocs:81 - Found 209 boards documents
2023-05-03 18:58:35,175 [WARN] DbBoards:127 - board B-L475E-IOT01A2 has no document id list !
2023-05-03 18:58:35,177 [WARN] DbBoards:127 - board NUCLEO-H743ZI has no document id list !
2023-05-03 18:58:35,178 [WARN] DbBoards:127 - board P-NUCLEO-WB55-Nucleo has no document id list !
2023-05-03 18:58:35,178 [WARN] DbBoards:127 - board P-NUCLEO-WB55-USBDongle has no document id list !
2023-05-03 18:58:35,179 [WARN] DbBoards:127 - board STEVAL-BFA001V1B has no document id list !
2023-05-03 18:58:35,179 [WARN] DbBoards:127 - board STEVAL-BFA001V2B has no document id list !
2023-05-03 18:58:35,179 [WARN] DbBoards:127 - board STEVAL-IDP005V1 has no document id list !
2023-05-03 18:58:35,179 [WARN] DbBoards:127 - board STEVAL-IDP005V2 has no document id list !
2023-05-03 18:58:35,179 [WARN] DbBoards:127 - board STEVAL-MKSBOX1V1 has no document id list !
2023-05-03 18:58:35,179 [WARN] DbBoards:127 - board STEVAL-STWINKT1 has no document id list !
2023-05-03 18:58:35,179 [WARN] DbBoards:127 - board STEVAL-STWINKT1B has no document id list !
2023-05-03 18:58:35,180 [WARN] DbBoards:127 - board STM32439I-EVAL2 has no document id list !
2023-05-03 18:58:35,180 [WARN] DbBoards:127 - board STM32F401C-DISCO has no document id list !
2023-05-03 18:58:35,181 [WARN] DbBoards:127 - board STM32F769I-DISC1 has no document id list !
2023-05-03 18:58:35,182 [WARN] DbBoards:127 - board STM32G474E-EVAL1 has no document id list !
2023-05-03 18:58:35,182 [WARN] DbBoards:127 - board STM32H743I-EVAL2 has no document id list !
2023-05-03 18:58:35,182 [WARN] DbBoards:127 - board STM32H747I-DISC1 has no document id list !
2023-05-03 18:58:35,183 [WARN] DbBoards:127 - board STM32H753I-EVAL2 has no document id list !
2023-05-03 18:58:35,183 [WARN] DbBoards:127 - board STM32L-DISCOVERY has no document id list !
2023-05-03 18:58:35,292 [ERROR] DbBoards:189 - Image file not found for board B-L462E-CELL1: C:\ST\STM32CubeIDE_1.4.0\STM32CubeIDE\plugins\com.st.stm32cube.common.mx_6.0.0.202007160824\\db\/plugins/mcufinder/images/boards/B-L462E-CELL1_small.jpg
2023-05-03 18:58:35,354 [ERROR] DbBoards:189 - Image file not found for board B-U585I-IOT02A: C:\ST\STM32CubeIDE_1.4.0\STM32CubeIDE\plugins\com.st.stm32cube.common.mx_6.0.0.202007160824\\db\/plugins/mcufinder/images/boards/B-U585I-IOT02A_small.jpg
2023-05-03 18:58:35,440 [ERROR] DbBoards:189 - Image file not found for board NUCLEO-F413ZH: C:\ST\STM32CubeIDE_1.4.0\STM32CubeIDE\plugins\com.st.stm32cube.common.mx_6.0.0.202007160824\\db\/plugins/mcufinder/images/boards/nucleo-f413zh_small.jpg
2023-05-03 18:58:35,588 [ERROR] DbBoards:189 - Image file not found for board NUCLEO-L552ZE-Q: C:\ST\STM32CubeIDE_1.4.0\STM32CubeIDE\plugins\com.st.stm32cube.common.mx_6.0.0.202007160824\\db\/plugins/mcufinder/images/boards/nucleo_l552ze_q_small.jpg
2023-05-03 18:58:35,589 [ERROR] DbBoards:189 - Image file not found for board NUCLEO-U575ZI-Q: C:\ST\STM32CubeIDE_1.4.0\STM32CubeIDE\plugins\com.st.stm32cube.common.mx_6.0.0.202007160824\\db\/plugins/mcufinder/images/boards/nucleo-u575zi-q_small.jpg
2023-05-03 18:58:35,589 [ERROR] DbBoards:189 - Image file not found for board NUCLEO-WB15CC: C:\ST\STM32CubeIDE_1.4.0\STM32CubeIDE\plugins\com.st.stm32cube.common.mx_6.0.0.202007160824\\db\/plugins/mcufinder/images/boards/nucleo-wb15cc_small.jpg
2023-05-03 18:58:35,589 [ERROR] DbBoards:189 - Image file not found for board NUCLEO-WB55RG: C:\ST\STM32CubeIDE_1.4.0\STM32CubeIDE\plugins\com.st.stm32cube.common.mx_6.0.0.202007160824\\db\/plugins/mcufinder/images/boards/nucleo-wb55rg_small.jpg
2023-05-03 18:58:35,589 [ERROR] DbBoards:189 - Image file not found for board NUCLEO-WL55JC: C:\ST\STM32CubeIDE_1.4.0\STM32CubeIDE\plugins\com.st.stm32cube.common.mx_6.0.0.202007160824\\db\/plugins/mcufinder/images/boards/nucleo-wl55jc-small.jpg
2023-05-03 18:58:35,775 [ERROR] DbBoards:189 - Image file not found for board STEVAL-STWINKT1B: C:\ST\STM32CubeIDE_1.4.0\STM32CubeIDE\plugins\com.st.stm32cube.common.mx_6.0.0.202007160824\\db\/plugins/mcufinder/images/boards/steval-stwinkt1b_small.jpg
2023-05-03 18:58:36,208 [ERROR] DbBoards:189 - Image file not found for board STM32G0C1E-EV: C:\ST\STM32CubeIDE_1.4.0\STM32CubeIDE\plugins\com.st.stm32cube.common.mx_6.0.0.202007160824\\db\/plugins/mcufinder/images/boards/stm32g0c1e-eval_small.jpg
2023-05-03 18:58:36,306 [ERROR] DbBoards:189 - Image file not found for board STM32H7B3I-EVAL: C:\ST\STM32CubeIDE_1.4.0\STM32CubeIDE\plugins\com.st.stm32cube.common.mx_6.0.0.202007160824\\db\/plugins/mcufinder/images/boards/stm32h7b3ieval_small.jpg
2023-05-03 18:58:36,498 [ERROR] DbBoards:189 - Image file not found for board STM32U575I-EV: C:\ST\STM32CubeIDE_1.4.0\STM32CubeIDE\plugins\com.st.stm32cube.common.mx_6.0.0.202007160824\\db\/plugins/mcufinder/images/boards/stm32u575i-ev_small.jpg
2023-05-03 18:58:36,531 [ERROR] DbBoards:189 - Image file not found for board STM32WB5MM-DK: C:\ST\STM32CubeIDE_1.4.0\STM32CubeIDE\plugins\com.st.stm32cube.common.mx_6.0.0.202007160824\\db\/plugins/mcufinder/images/boards/STM32WB5MM-DK_small.jpg
2023-05-03 18:58:36,533 [INFO] ApiDb:201 - Load user favorites file C:\Users\Lenovo/.stm32cubeide/favorites.boards.txt: 0 item(s)
2023-05-03 18:58:36,533 [INFO] ApiDb:205 - User favorites Boards=[]
2023-05-03 18:58:36,533 [INFO] DbBoards:206 - Set 0 / 0 favorites Boards
2023-05-03 18:58:45,270 [INFO] DbMcusDocs:145 - JSON generation date=Tue Nov 16 18:17:54 EET 2021 (1637079474)
2023-05-03 18:58:45,493 [INFO] DbMcusDocs:81 - Found 682 MCUs documents
2023-05-03 18:58:55,854 [INFO] LogOutputStream:76 - [STDOUT_REDIRECT] withoutVersionV1.8.4
2023-05-03 18:58:55,855 [INFO] LogOutputStream:76 - [STDOUT_REDIRECT] withoutVersionV1.8.3
2023-05-03 18:58:55,855 [INFO] LogOutputStream:76 - [STDOUT_REDIRECT] withoutVersionV1.8.2
2023-05-03 18:58:55,855 [INFO] LogOutputStream:76 - [STDOUT_REDIRECT] withoutVersionV1.8.1
2023-05-03 18:58:55,856 [INFO] LogOutputStream:76 - [STDOUT_REDIRECT] withoutVersionV1.8.0
2023-05-03 18:59:02,873 [INFO] ApiDb:226 - Save user favorites file C:\Users\Lenovo/.stm32cubeide/favorites.mcus.txt: 0 item(s)
2023-05-03 18:59:02,874 [INFO] ApiDb:230 - User favorites MCUs=[]
