2023-05-05 15:47:07,476 [INFO] Activator:178 - 


2023-05-05 15:47:07,482 [INFO] Activator:179 - !SESSION log4j initialized
2023-05-05 15:47:16,555 [INFO] ApplicationProperties:181 - Using Application install path: C:\ST\STM32CubeIDE_1.4.0\STM32CubeIDE\plugins\com.st.stm32cube.common.mx_6.0.0.202007160824
2023-05-05 15:47:16,576 [INFO] DbMcusXml:70 - Set database path to: C:\ST\STM32CubeIDE_1.4.0\STM32CubeIDE\plugins\com.st.stm32cube.common.mx_6.0.0.202007160824\\db\/mcu/
2023-05-05 15:47:16,583 [INFO] DbBoardsPdsc:56 - Set plugin database path to: C:\ST\STM32CubeIDE_1.4.0\STM32CubeIDE\plugins\com.st.stm32cube.common.mx_6.0.0.202007160824\\db\/plugins/boardmanager/
2023-05-05 15:47:16,583 [INFO] DbMcus:258 - Set plugin images path to: C:\ST\STM32CubeIDE_1.4.0\STM32CubeIDE\plugins\com.st.stm32cube.common.mx_6.0.0.202007160824\\db\/plugins/mcufinder/images/
2023-05-05 15:47:16,584 [INFO] DbBoards:264 - Set plugin images path to: C:\ST\STM32CubeIDE_1.4.0\STM32CubeIDE\plugins\com.st.stm32cube.common.mx_6.0.0.202007160824\\db\/plugins/mcufinder/images/
2023-05-05 15:47:16,589 [INFO] DbExamples:326 - Set plugin images path to: C:\ST\STM32CubeIDE_1.4.0\STM32CubeIDE\plugins\com.st.stm32cube.common.mx_6.0.0.202007160824\\db\/plugins/mcufinder/images/
2023-05-05 15:47:16,604 [INFO] DbMcusDocs:112 - Set database path to: C:\Users\Lenovo\.stmcufinder\plugins\mcufinder//mcu/
2023-05-05 15:47:16,608 [INFO] DbMcusJson:63 - Set database path to: C:\Users\Lenovo\.stmcufinder\plugins\mcufinder//mcu/
2023-05-05 15:47:16,609 [INFO] DbBoardsDocs:112 - Set database path to: C:\Users\Lenovo\.stmcufinder\plugins\mcufinder//mcu/
2023-05-05 15:47:16,611 [INFO] DbBoardsJson:56 - Set database path to: C:\Users\Lenovo\.stmcufinder\plugins\mcufinder//mcu/
2023-05-05 15:47:16,616 [INFO] CrossReferenceDbSqlite:196 - Set database path to: C:\Users\Lenovo\.stmcufinder\plugins\mcufinder//mcu/cs/
2023-05-05 15:47:16,622 [INFO] DbExamplesSqlite:800 - Set database path to: C:\Users\Lenovo\.stmcufinder\plugins\mcufinder//mcu/
2023-05-05 15:47:16,810 [INFO] RulesReader:52 - Compatibility file has been processed (209 Rules)
2023-05-05 15:47:16,959 [INFO] MicroXplorer:564 - Detected Java Version = 1.8.0_252
2023-05-05 15:47:16,960 [INFO] DbMcusXml:70 - Set database path to: C:\ST\STM32CubeIDE_1.4.0\STM32CubeIDE\plugins\com.st.stm32cube.common.mx_6.0.0.202007160824\\db\/mcu/
2023-05-05 15:47:16,960 [INFO] DbBoardsPdsc:56 - Set plugin database path to: C:\ST\STM32CubeIDE_1.4.0\STM32CubeIDE\plugins\com.st.stm32cube.common.mx_6.0.0.202007160824\\db\/plugins/boardmanager/
2023-05-05 15:47:16,961 [INFO] DbMcus:258 - Set plugin images path to: C:\ST\STM32CubeIDE_1.4.0\STM32CubeIDE\plugins\com.st.stm32cube.common.mx_6.0.0.202007160824\\db\/plugins/mcufinder/images/
2023-05-05 15:47:16,962 [INFO] DbBoards:264 - Set plugin images path to: C:\ST\STM32CubeIDE_1.4.0\STM32CubeIDE\plugins\com.st.stm32cube.common.mx_6.0.0.202007160824\\db\/plugins/mcufinder/images/
2023-05-05 15:47:16,962 [INFO] DbExamples:326 - Set plugin images path to: C:\ST\STM32CubeIDE_1.4.0\STM32CubeIDE\plugins\com.st.stm32cube.common.mx_6.0.0.202007160824\\db\/plugins/mcufinder/images/
2023-05-05 15:47:16,962 [WARN] DbFile:36 - Overriding database path with different value: C:\Users\Lenovo\.stmcufinder\plugins\mcufinder/ => C:\Users\Lenovo\.stmcufinder\plugins\mcufinder
2023-05-05 15:47:16,962 [INFO] DbMcusDocs:112 - Set database path to: C:\Users\Lenovo\.stmcufinder\plugins\mcufinder//mcu/
2023-05-05 15:47:16,963 [WARN] DbFile:36 - Overriding database path with different value: C:\Users\Lenovo\.stmcufinder\plugins\mcufinder/ => C:\Users\Lenovo\.stmcufinder\plugins\mcufinder
2023-05-05 15:47:16,963 [INFO] DbMcusJson:63 - Set database path to: C:\Users\Lenovo\.stmcufinder\plugins\mcufinder//mcu/
2023-05-05 15:47:16,963 [WARN] DbFile:36 - Overriding database path with different value: C:\Users\Lenovo\.stmcufinder\plugins\mcufinder/ => C:\Users\Lenovo\.stmcufinder\plugins\mcufinder
2023-05-05 15:47:16,963 [INFO] DbBoardsDocs:112 - Set database path to: C:\Users\Lenovo\.stmcufinder\plugins\mcufinder//mcu/
2023-05-05 15:47:16,964 [WARN] DbFile:36 - Overriding database path with different value: C:\Users\Lenovo\.stmcufinder\plugins\mcufinder/ => C:\Users\Lenovo\.stmcufinder\plugins\mcufinder
2023-05-05 15:47:16,964 [INFO] DbBoardsJson:56 - Set database path to: C:\Users\Lenovo\.stmcufinder\plugins\mcufinder//mcu/
2023-05-05 15:47:16,964 [WARN] DbFile:36 - Overriding database path with different value: C:\Users\Lenovo\.stmcufinder\plugins\mcufinder/ => C:\Users\Lenovo\.stmcufinder\plugins\mcufinder
2023-05-05 15:47:16,964 [WARN] DbFile:36 - Overriding database path with different value: C:\Users\Lenovo\.stmcufinder\plugins\mcufinder/ => C:\Users\Lenovo\.stmcufinder\plugins\mcufinder
2023-05-05 15:47:16,965 [INFO] CrossReferenceDbSqlite:196 - Set database path to: C:\Users\Lenovo\.stmcufinder\plugins\mcufinder//mcu/cs/
2023-05-05 15:47:16,965 [WARN] DbFile:36 - Overriding database path with different value: C:\Users\Lenovo\.stmcufinder\plugins\mcufinder/ => C:\Users\Lenovo\.stmcufinder\plugins\mcufinder
2023-05-05 15:47:16,965 [INFO] DbExamplesSqlite:800 - Set database path to: C:\Users\Lenovo\.stmcufinder\plugins\mcufinder//mcu/
2023-05-05 15:47:17,084 [INFO] MainPanel:189 - HeapMemory: 268435456
2023-05-05 15:47:17,222 [INFO] DbMcusXml:70 - Set database path to: C:\ST\STM32CubeIDE_1.4.0\STM32CubeIDE\plugins\com.st.stm32cube.common.mx_6.0.0.202007160824\\db\/mcu/
2023-05-05 15:47:17,222 [INFO] DbBoardsPdsc:56 - Set plugin database path to: C:\ST\STM32CubeIDE_1.4.0\STM32CubeIDE\plugins\com.st.stm32cube.common.mx_6.0.0.202007160824\\db\/plugins/boardmanager/
2023-05-05 15:47:17,222 [INFO] DbMcus:258 - Set plugin images path to: C:\ST\STM32CubeIDE_1.4.0\STM32CubeIDE\plugins\com.st.stm32cube.common.mx_6.0.0.202007160824\\db\/plugins/mcufinder/images/
2023-05-05 15:47:17,223 [INFO] DbBoards:264 - Set plugin images path to: C:\ST\STM32CubeIDE_1.4.0\STM32CubeIDE\plugins\com.st.stm32cube.common.mx_6.0.0.202007160824\\db\/plugins/mcufinder/images/
2023-05-05 15:47:17,223 [INFO] DbExamples:326 - Set plugin images path to: C:\ST\STM32CubeIDE_1.4.0\STM32CubeIDE\plugins\com.st.stm32cube.common.mx_6.0.0.202007160824\\db\/plugins/mcufinder/images/
2023-05-05 15:47:17,224 [WARN] DbFile:36 - Overriding database path with different value: C:\Users\Lenovo\.stmcufinder\plugins\mcufinder/ => C:\Users\Lenovo\.stmcufinder\plugins\mcufinder
2023-05-05 15:47:17,224 [INFO] DbMcusDocs:112 - Set database path to: C:\Users\Lenovo\.stmcufinder\plugins\mcufinder//mcu/
2023-05-05 15:47:17,224 [WARN] DbFile:36 - Overriding database path with different value: C:\Users\Lenovo\.stmcufinder\plugins\mcufinder/ => C:\Users\Lenovo\.stmcufinder\plugins\mcufinder
2023-05-05 15:47:17,224 [INFO] DbMcusJson:63 - Set database path to: C:\Users\Lenovo\.stmcufinder\plugins\mcufinder//mcu/
2023-05-05 15:47:17,225 [WARN] DbFile:36 - Overriding database path with different value: C:\Users\Lenovo\.stmcufinder\plugins\mcufinder/ => C:\Users\Lenovo\.stmcufinder\plugins\mcufinder
2023-05-05 15:47:17,225 [INFO] DbBoardsDocs:112 - Set database path to: C:\Users\Lenovo\.stmcufinder\plugins\mcufinder//mcu/
2023-05-05 15:47:17,225 [WARN] DbFile:36 - Overriding database path with different value: C:\Users\Lenovo\.stmcufinder\plugins\mcufinder/ => C:\Users\Lenovo\.stmcufinder\plugins\mcufinder
2023-05-05 15:47:17,225 [INFO] DbBoardsJson:56 - Set database path to: C:\Users\Lenovo\.stmcufinder\plugins\mcufinder//mcu/
2023-05-05 15:47:17,226 [WARN] DbFile:36 - Overriding database path with different value: C:\Users\Lenovo\.stmcufinder\plugins\mcufinder/ => C:\Users\Lenovo\.stmcufinder\plugins\mcufinder
2023-05-05 15:47:17,226 [WARN] DbFile:36 - Overriding database path with different value: C:\Users\Lenovo\.stmcufinder\plugins\mcufinder/ => C:\Users\Lenovo\.stmcufinder\plugins\mcufinder
2023-05-05 15:47:17,226 [INFO] CrossReferenceDbSqlite:196 - Set database path to: C:\Users\Lenovo\.stmcufinder\plugins\mcufinder//mcu/cs/
2023-05-05 15:47:17,226 [WARN] DbFile:36 - Overriding database path with different value: C:\Users\Lenovo\.stmcufinder\plugins\mcufinder/ => C:\Users\Lenovo\.stmcufinder\plugins\mcufinder
2023-05-05 15:47:17,227 [INFO] DbExamplesSqlite:800 - Set database path to: C:\Users\Lenovo\.stmcufinder\plugins\mcufinder//mcu/
2023-05-05 15:47:17,256 [INFO] ApplicationProperties:181 - Using Application install path: C:\ST\STM32CubeIDE_1.4.0\STM32CubeIDE\plugins\com.st.stm32cube.common.mx_6.0.0.202007160824
2023-05-05 15:47:17,259 [INFO] PluginManage:178 - Search for loadable plugins [exclusion list=, ]
2023-05-05 15:47:17,261 [INFO] PluginManage:292 - Check plugin analytics
2023-05-05 15:47:17,527 [INFO] AnalyticsPlugin:203 - Accepted Software Licenses: 
2023-05-05 15:47:17,528 [INFO] AnalyticsPlugin:205 - Accepted CMSIS Pack Licenses: 
2023-05-05 15:47:17,528 [INFO] AnalyticsPlugin:207 - Accepted Firmware Licenses: 
2023-05-05 15:47:17,529 [INFO] PluginManage:342 - Loaded plugin analytics (category:tool,tabindex:-1)
2023-05-05 15:47:17,529 [INFO] PluginManage:292 - Check plugin clock
2023-05-05 15:47:17,569 [INFO] PluginManage:342 - Loaded plugin clock (category:base,tabindex:2)
2023-05-05 15:47:17,569 [INFO] PluginManage:292 - Check plugin ddr
2023-05-05 15:47:17,573 [INFO] PluginManage:342 - Loaded plugin ddr (category:tool,tabindex:6)
2023-05-05 15:47:17,573 [INFO] PluginManage:292 - Check plugin filemanager
2023-05-05 15:47:17,782 [INFO] PluginManage:342 - Loaded plugin filemanager (category:base,tabindex:10)
2023-05-05 15:47:17,782 [INFO] PluginManage:292 - Check plugin ipmanager
2023-05-05 15:47:17,796 [INFO] PluginManage:342 - Loaded plugin ipmanager (category:base,tabindex:5)
2023-05-05 15:47:17,796 [INFO] PluginManage:292 - Check plugin pinoutandconfiguration
2023-05-05 15:47:17,827 [INFO] PluginManage:342 - Loaded plugin pinoutandconfiguration (category:base,tabindex:1)
2023-05-05 15:47:17,827 [INFO] PluginManage:292 - Check plugin pinoutconfig
2023-05-05 15:47:17,886 [INFO] PluginManage:342 - Loaded plugin pinoutconfig (category:base,tabindex:0)
2023-05-05 15:47:17,886 [INFO] PluginManage:292 - Check plugin power
2023-05-05 15:47:17,921 [INFO] PluginManage:342 - Loaded plugin power (category:power,tabindex:4)
2023-05-05 15:47:17,922 [INFO] PluginManage:292 - Check plugin projectmanager
2023-05-05 15:47:17,949 [INFO] PluginManage:342 - Loaded plugin projectmanager (category:projectmanager,tabindex:3)
2023-05-05 15:47:17,949 [INFO] PluginManage:292 - Check plugin thirdparty
2023-05-05 15:47:18,260 [INFO] ThirdPartyDb:333 - Open Third Party DataBase File (C:/Users/Lenovo/.stm32cubemx/plugins/thirdparty/db/thirdparties_db.xml) : 114 ms. number of Sw pack : 52
2023-05-05 15:47:18,268 [INFO] PluginManage:342 - Loaded plugin thirdparty (category:base,tabindex:-1)
2023-05-05 15:47:18,268 [INFO] PluginManage:292 - Check plugin tools
2023-05-05 15:47:18,370 [INFO] PluginManage:342 - Loaded plugin tools (category:base,tabindex:7)
2023-05-05 15:47:18,370 [INFO] PluginManage:292 - Check plugin tutovideos
2023-05-05 15:47:18,752 [INFO] PluginManage:342 - Loaded plugin tutovideos (category:base,tabindex:-1)
2023-05-05 15:47:18,753 [INFO] PluginManage:292 - Check plugin updater
2023-05-05 15:47:18,773 [INFO] PluginManage:342 - Loaded plugin updater (category:base,tabindex:12)
2023-05-05 15:47:18,773 [INFO] PluginManage:265 - PluginManage : Loaded plugins [13]
2023-05-05 15:47:19,051 [INFO] PinOutPanel:1418 - setPackage(No Configuration,No Configuration)
2023-05-05 15:47:19,215 [INFO] IPUIPlugin:64 - create IPUIPlugin
2023-05-05 15:47:19,215 [INFO] PluginManager:200 - loadIPPluginJar : add adc
2023-05-05 15:47:19,278 [INFO] IPUIPlugin:64 - create IPUIPlugin
2023-05-05 15:47:19,278 [INFO] PluginManager:200 - loadIPPluginJar : add aes
2023-05-05 15:47:19,353 [INFO] IPUIPlugin:64 - create IPUIPlugin
2023-05-05 15:47:19,354 [INFO] PluginManager:200 - loadIPPluginJar : add can
2023-05-05 15:47:19,401 [INFO] IPUIPlugin:64 - create IPUIPlugin
2023-05-05 15:47:19,402 [INFO] PluginManager:200 - loadIPPluginJar : add comp
2023-05-05 15:47:19,459 [INFO] IPUIPlugin:64 - create IPUIPlugin
2023-05-05 15:47:19,459 [INFO] PluginManager:200 - loadIPPluginJar : add cryp
2023-05-05 15:47:19,520 [INFO] IPUIPlugin:64 - create IPUIPlugin
2023-05-05 15:47:19,520 [INFO] PluginManager:200 - loadIPPluginJar : add dfsdm
2023-05-05 15:47:19,544 [INFO] IPUIPlugin:64 - create IPUIPlugin
2023-05-05 15:47:19,545 [INFO] PluginManager:200 - loadIPPluginJar : add dma
2023-05-05 15:47:19,590 [INFO] IPUIPlugin:64 - create IPUIPlugin
2023-05-05 15:47:19,590 [INFO] PluginManager:200 - loadIPPluginJar : add fatfs
2023-05-05 15:47:19,684 [INFO] IPUIPlugin:64 - create IPUIPlugin
2023-05-05 15:47:19,685 [INFO] PluginManager:200 - loadIPPluginJar : add fmc
2023-05-05 15:47:19,710 [INFO] IPUIPlugin:64 - create IPUIPlugin
2023-05-05 15:47:19,711 [INFO] PluginManager:200 - loadIPPluginJar : add freertos
2023-05-05 15:47:19,755 [INFO] IPUIPlugin:64 - create IPUIPlugin
2023-05-05 15:47:19,756 [INFO] PluginManager:200 - loadIPPluginJar : add genericplugin
2023-05-05 15:47:19,921 [INFO] IPUIPlugin:64 - create IPUIPlugin
2023-05-05 15:47:19,921 [INFO] PluginManager:200 - loadIPPluginJar : add gfxmmu
2023-05-05 15:47:20,131 [INFO] IPUIPlugin:64 - create IPUIPlugin
2023-05-05 15:47:20,131 [INFO] PluginManager:200 - loadIPPluginJar : add gic
2023-05-05 15:47:20,152 [INFO] IPUIPlugin:64 - create IPUIPlugin
2023-05-05 15:47:20,153 [INFO] PluginManager:200 - loadIPPluginJar : add gpio
2023-05-05 15:47:20,265 [INFO] IPUIPlugin:64 - create IPUIPlugin
2023-05-05 15:47:20,266 [INFO] PluginManager:200 - loadIPPluginJar : add gtzc
2023-05-05 15:47:20,322 [INFO] IPUIPlugin:64 - create IPUIPlugin
2023-05-05 15:47:20,322 [INFO] PluginManager:200 - loadIPPluginJar : add hash
2023-05-05 15:47:20,416 [INFO] IPUIPlugin:64 - create IPUIPlugin
2023-05-05 15:47:20,416 [INFO] PluginManager:200 - loadIPPluginJar : add i2c
2023-05-05 15:47:20,491 [INFO] IPUIPlugin:64 - create IPUIPlugin
2023-05-05 15:47:20,491 [INFO] PluginManager:200 - loadIPPluginJar : add i2s
2023-05-05 15:47:20,510 [INFO] IPUIPlugin:64 - create IPUIPlugin
2023-05-05 15:47:20,510 [INFO] PluginManager:200 - loadIPPluginJar : add ipddr
2023-05-05 15:47:20,579 [INFO] IPUIPlugin:64 - create IPUIPlugin
2023-05-05 15:47:20,580 [INFO] PluginManager:200 - loadIPPluginJar : add ltdc
2023-05-05 15:47:20,599 [INFO] IPUIPlugin:64 - create IPUIPlugin
2023-05-05 15:47:20,600 [INFO] PluginManager:200 - loadIPPluginJar : add mdma
2023-05-05 15:47:20,619 [INFO] IPUIPlugin:64 - create IPUIPlugin
2023-05-05 15:47:20,620 [INFO] PluginManager:200 - loadIPPluginJar : add nvic
2023-05-05 15:47:20,685 [INFO] IPUIPlugin:64 - create IPUIPlugin
2023-05-05 15:47:20,685 [INFO] PluginManager:200 - loadIPPluginJar : add opamp
2023-05-05 15:47:20,802 [INFO] IPUIPlugin:64 - create IPUIPlugin
2023-05-05 15:47:20,802 [INFO] PluginManager:200 - loadIPPluginJar : add openamp
2023-05-05 15:47:20,882 [INFO] IPUIPlugin:64 - create IPUIPlugin
2023-05-05 15:47:20,883 [INFO] PluginManager:200 - loadIPPluginJar : add pdm2pcm
2023-05-05 15:47:20,907 [INFO] IPUIPlugin:64 - create IPUIPlugin
2023-05-05 15:47:20,912 [INFO] PluginManager:200 - loadIPPluginJar : add plateformsettings
2023-05-05 15:47:20,958 [INFO] IPUIPlugin:64 - create IPUIPlugin
2023-05-05 15:47:20,958 [INFO] PluginManager:200 - loadIPPluginJar : add quadspi
2023-05-05 15:47:20,978 [INFO] IPUIPlugin:64 - create IPUIPlugin
2023-05-05 15:47:20,979 [INFO] PluginManager:200 - loadIPPluginJar : add resmgrutility
2023-05-05 15:47:21,076 [INFO] IPUIPlugin:64 - create IPUIPlugin
2023-05-05 15:47:21,076 [INFO] PluginManager:200 - loadIPPluginJar : add sai
2023-05-05 15:47:21,146 [INFO] IPUIPlugin:64 - create IPUIPlugin
2023-05-05 15:47:21,147 [INFO] PluginManager:200 - loadIPPluginJar : add spi
2023-05-05 15:47:21,234 [INFO] IPUIPlugin:64 - create IPUIPlugin
2023-05-05 15:47:21,235 [INFO] PluginManager:200 - loadIPPluginJar : add stm32_wpan
2023-05-05 15:47:21,283 [INFO] IPUIPlugin:64 - create IPUIPlugin
2023-05-05 15:47:21,284 [INFO] PluginManager:200 - loadIPPluginJar : add tim
2023-05-05 15:47:21,394 [INFO] IPUIPlugin:64 - create IPUIPlugin
2023-05-05 15:47:21,395 [INFO] PluginManager:200 - loadIPPluginJar : add touchsensing
2023-05-05 15:47:21,443 [INFO] IPUIPlugin:64 - create IPUIPlugin
2023-05-05 15:47:21,443 [INFO] PluginManager:200 - loadIPPluginJar : add tracer_emb
2023-05-05 15:47:21,494 [INFO] IPUIPlugin:64 - create IPUIPlugin
2023-05-05 15:47:21,495 [INFO] PluginManager:200 - loadIPPluginJar : add ts
2023-05-05 15:47:21,542 [INFO] IPUIPlugin:64 - create IPUIPlugin
2023-05-05 15:47:21,542 [INFO] PluginManager:200 - loadIPPluginJar : add tsc
2023-05-05 15:47:21,589 [INFO] IPUIPlugin:64 - create IPUIPlugin
2023-05-05 15:47:21,590 [INFO] PluginManager:200 - loadIPPluginJar : add ucpd
2023-05-05 15:47:21,670 [INFO] IPUIPlugin:64 - create IPUIPlugin
2023-05-05 15:47:21,671 [INFO] PluginManager:200 - loadIPPluginJar : add usart
2023-05-05 15:47:22,944 [INFO] CubeProgrammer:457 - [DDR PANEL] - PathOfProgrammer: null
2023-05-05 15:47:24,312 [FATAL] Updater:282 - Updater called before beeing initialized
2023-05-05 15:47:24,574 [FATAL] Updater:282 - Updater called before beeing initialized
2023-05-05 15:47:24,575 [WARN] ThirdParty:775 - waiting for thirdparty lock release [close project]
2023-05-05 15:47:24,575 [INFO] ThirdParty:777 - entering critical section [close project]
2023-05-05 15:47:24,576 [INFO] ThirdParty:790 - exiting critical section [close project]
2023-05-05 15:47:24,580 [INFO] PinOutPanel:1418 - setPackage(No Configuration,No Configuration)
2023-05-05 15:47:24,581 [FATAL] Updater:282 - Updater called before beeing initialized
2023-05-05 15:47:24,600 [ERROR] Updater:967 - MainUpdater not yet initialized. External WinMGr cannot be set.
2023-05-05 15:47:24,602 [INFO] CubeProgrammer:457 - [DDR PANEL] - PathOfProgrammer: C:\ST\STM32CubeIDE_1.4.0\STM32CubeIDE\plugins\com.st.stm32cube.ide.mcu.externaltools.cubeprogrammer.win32_1.4.0.202007081208\tools\bin
2023-05-05 15:47:24,607 [INFO] ProgrammerExecThread:148 - [ProgrammerAPI] CubeProgrammer command construction: C:\ST\STM32CubeIDE_1.4.0\STM32CubeIDE\plugins\com.st.stm32cube.ide.mcu.externaltools.cubeprogrammer.win32_1.4.0.202007081208\tools\bin\STM32_Programmer_CLI.exe -l
2023-05-05 15:47:25,036 [INFO] MainDdrPanel:49 - [DDR PANEL] SETTER - Set cubeProgrammerPath to: C:\ST\STM32CubeIDE_1.4.0\STM32CubeIDE\plugins\com.st.stm32cube.ide.mcu.externaltools.cubeprogrammer.win32_1.4.0.202007081208\tools\bin
2023-05-05 15:47:25,203 [INFO] Updater:904 - Updater Version found : 6.0.0
2023-05-05 15:47:25,234 [INFO] ApplicationProperties:181 - Using Application install path: C:\ST\STM32CubeIDE_1.4.0\STM32CubeIDE\plugins\com.st.stm32cube.common.mx_6.0.0.202007160824
2023-05-05 15:47:25,449 [ERROR] ServerAccessManage:1004 - Warning during Server Connexion :  Unknown host sw-center.st.com
2023-05-05 15:47:25,451 [ERROR] ServerAccessManage:1004 - Warning during Server Connexion :  Unknown host www.ebuc23.com
2023-05-05 15:47:25,453 [INFO] MainUpdater:2268 - connection check result : 22
2023-05-05 15:47:25,454 [INFO] MainUpdater:239 - Updater Check For Update Now.
2023-05-05 15:47:25,455 [INFO] MicroXplorer:414 - Change Database Version : DB.6.0.0
2023-05-05 15:47:25,571 [INFO] CheckServerUpdateThread:102 - End of CheckServer Thread
2023-05-05 15:47:25,606 [ERROR] ServerAccessManage:1004 - Warning during Server Connexion :  Unknown host sw-center.st.com
2023-05-05 15:47:25,609 [ERROR] ServerAccessManage:1004 - Warning during Server Connexion :  Unknown host www.ebuc23.com
2023-05-05 15:47:25,612 [INFO] MainUpdater:2268 - connection check result : 22
2023-05-05 15:47:27,291 [WARN] IntegrityCheckThread:61 - waiting for thirdparty lock release [integrity check]
2023-05-05 15:47:27,291 [INFO] IntegrityCheckThread:63 - entering critical section [integrity check]
2023-05-05 15:47:28,123 [INFO] ThirdPartyDb:299 - Save Third Party DataBase File (C:/Users/Lenovo/.stm32cubemx/plugins/thirdparty/db/thirdparties_db.xml) [forced]
2023-05-05 15:47:28,303 [INFO] ThirdPartyDb:299 - Save Third Party DataBase File (C:/Users/Lenovo/.stm32cubemx/plugins/thirdparty/db/thirdparties_db.xml) [forced]
2023-05-05 15:47:28,425 [INFO] IntegrityCheckThread:76 - exiting critical section [integrity check]
2023-05-05 15:47:28,426 [INFO] IntegrityCheckThread:79 - End integrity checks thread
2023-05-05 15:47:30,153 [INFO] McuFinderGlobals:40 - Set McuFinder mode to 2 (CubeIDE integrated)
2023-05-05 15:47:30,390 [INFO] CrossSelectorPresenter:1330 - Cross Selector saved comparison directory: C:\Users\Lenovo\.stmcufinder\plugins\mcufinder\mcu\cs_comparisons_mx
2023-05-05 15:47:30,398 [INFO] MultiScanPanel:193 - Auto-refresh data requested => check proxy status ongoing
2023-05-05 15:47:30,402 [INFO] FinderPluginLoader:87 - Searching for filters in installed packs
2023-05-05 15:47:30,404 [INFO] DbMcusXml:100 - Load MCU database from C:\ST\STM32CubeIDE_1.4.0\STM32CubeIDE\plugins\com.st.stm32cube.common.mx_6.0.0.202007160824\\db\/mcu/families.xml
2023-05-05 15:47:31,734 [INFO] DbMcusJson:92 - JSON generation date=Tue Nov 16 18:17:54 EET 2021 (1637079474)
2023-05-05 15:47:33,364 [INFO] DbMcus:175 - Found 1761 MCUs (1722 are supported by CubeMX, 1911 are visible in CubeMX)
2023-05-05 15:47:33,366 [INFO] ApiDb:201 - Load user favorites file C:\Users\Lenovo/.stm32cubeide/favorites.mcus.txt: 0 item(s)
2023-05-05 15:47:33,366 [INFO] ApiDb:205 - User favorites MCUs=[]
2023-05-05 15:47:33,367 [INFO] DbMcus:187 - Set 0 / 0 favorites MCUs
2023-05-05 15:47:34,667 [INFO] McuFilterPanel:245 - Update 0 favorites MCUs
2023-05-05 15:47:34,806 [INFO] DbBoardsPdsc:94 - Found 23 items
2023-05-05 15:47:34,822 [INFO] DbBoardsPdsc:94 - Found 9 items
2023-05-05 15:47:34,841 [INFO] DbBoardsPdsc:94 - Found 29 items
2023-05-05 15:47:34,861 [INFO] DbBoardsPdsc:94 - Found 1 items
2023-05-05 15:47:34,895 [INFO] DbBoardsPdsc:94 - Found 44 items
2023-05-05 15:47:34,922 [INFO] DbBoardsPdsc:94 - Found 40 items
2023-05-05 15:47:34,943 [INFO] DbBoardsPdsc:94 - Found 2 items
2023-05-05 15:47:34,959 [INFO] DbBoardsPdsc:94 - Found 4 items
2023-05-05 15:47:34,968 [WARN] DbBoardsPdsc:258 - Board STM32H7B3I-DK: unknown feature type=Audio, name=, username=Audio stereo codec with Headphone Amp (CS42L51-CNZ), n=1
2023-05-05 15:47:34,969 [WARN] DbBoardsPdsc:258 - Board STM32H735G-DK: unknown feature type=Audio, name=, username=Audio stereo codec with Headphone Amp (WM8994ECS/R), n=1
2023-05-05 15:47:34,973 [WARN] DbBoardsPdsc:258 - Board STM32H7B3I-EVAL: unknown feature type=Audio, name=, username=Multi-Channel Audio Codec (CS42L51-CNZ), n=1
2023-05-05 15:47:34,973 [WARN] DbBoardsPdsc:258 - Board STM32H7B3I-EVAL: unknown feature type=Meter, name=, username=Power-metering and Temperature-monitoring with sigma-delta modulators, n=1
2023-05-05 15:47:34,974 [WARN] DbBoardsPdsc:258 - Board STM32H7B3I-EVAL: unknown feature type=Motor, name=, username=Motor Control, n=1
2023-05-05 15:47:35,038 [INFO] DbBoardsJson:85 - JSON generation date=Tue Nov 16 18:17:54 EET 2021 (1637079474)
2023-05-05 15:47:35,049 [INFO] DbBoards:117 - Found 166 boards (149 are supported by CubeMX)
2023-05-05 15:47:35,071 [INFO] DbBoardsDocs:145 - JSON generation date=Tue Nov 16 18:17:54 EET 2021 (1637079474)
2023-05-05 15:47:35,080 [INFO] DbBoardsDocs:81 - Found 209 boards documents
2023-05-05 15:47:35,081 [WARN] DbBoards:127 - board B-L475E-IOT01A2 has no document id list !
2023-05-05 15:47:35,083 [WARN] DbBoards:127 - board NUCLEO-H743ZI has no document id list !
2023-05-05 15:47:35,086 [WARN] DbBoards:127 - board P-NUCLEO-WB55-Nucleo has no document id list !
2023-05-05 15:47:35,086 [WARN] DbBoards:127 - board P-NUCLEO-WB55-USBDongle has no document id list !
2023-05-05 15:47:35,086 [WARN] DbBoards:127 - board STEVAL-BFA001V1B has no document id list !
2023-05-05 15:47:35,086 [WARN] DbBoards:127 - board STEVAL-BFA001V2B has no document id list !
2023-05-05 15:47:35,087 [WARN] DbBoards:127 - board STEVAL-IDP005V1 has no document id list !
2023-05-05 15:47:35,087 [WARN] DbBoards:127 - board STEVAL-IDP005V2 has no document id list !
2023-05-05 15:47:35,087 [WARN] DbBoards:127 - board STEVAL-MKSBOX1V1 has no document id list !
2023-05-05 15:47:35,087 [WARN] DbBoards:127 - board STEVAL-STWINKT1 has no document id list !
2023-05-05 15:47:35,087 [WARN] DbBoards:127 - board STEVAL-STWINKT1B has no document id list !
2023-05-05 15:47:35,088 [WARN] DbBoards:127 - board STM32439I-EVAL2 has no document id list !
2023-05-05 15:47:35,088 [WARN] DbBoards:127 - board STM32F401C-DISCO has no document id list !
2023-05-05 15:47:35,089 [WARN] DbBoards:127 - board STM32F769I-DISC1 has no document id list !
2023-05-05 15:47:35,089 [WARN] DbBoards:127 - board STM32G474E-EVAL1 has no document id list !
2023-05-05 15:47:35,090 [WARN] DbBoards:127 - board STM32H743I-EVAL2 has no document id list !
2023-05-05 15:47:35,090 [WARN] DbBoards:127 - board STM32H747I-DISC1 has no document id list !
2023-05-05 15:47:35,090 [WARN] DbBoards:127 - board STM32H753I-EVAL2 has no document id list !
2023-05-05 15:47:35,091 [WARN] DbBoards:127 - board STM32L-DISCOVERY has no document id list !
2023-05-05 15:47:35,217 [ERROR] DbBoards:189 - Image file not found for board B-L462E-CELL1: C:\ST\STM32CubeIDE_1.4.0\STM32CubeIDE\plugins\com.st.stm32cube.common.mx_6.0.0.202007160824\\db\/plugins/mcufinder/images/boards/B-L462E-CELL1_small.jpg
2023-05-05 15:47:35,304 [ERROR] DbBoards:189 - Image file not found for board B-U585I-IOT02A: C:\ST\STM32CubeIDE_1.4.0\STM32CubeIDE\plugins\com.st.stm32cube.common.mx_6.0.0.202007160824\\db\/plugins/mcufinder/images/boards/B-U585I-IOT02A_small.jpg
2023-05-05 15:47:35,439 [ERROR] DbBoards:189 - Image file not found for board NUCLEO-F413ZH: C:\ST\STM32CubeIDE_1.4.0\STM32CubeIDE\plugins\com.st.stm32cube.common.mx_6.0.0.202007160824\\db\/plugins/mcufinder/images/boards/nucleo-f413zh_small.jpg
2023-05-05 15:47:35,693 [ERROR] DbBoards:189 - Image file not found for board NUCLEO-L552ZE-Q: C:\ST\STM32CubeIDE_1.4.0\STM32CubeIDE\plugins\com.st.stm32cube.common.mx_6.0.0.202007160824\\db\/plugins/mcufinder/images/boards/nucleo_l552ze_q_small.jpg
2023-05-05 15:47:35,693 [ERROR] DbBoards:189 - Image file not found for board NUCLEO-U575ZI-Q: C:\ST\STM32CubeIDE_1.4.0\STM32CubeIDE\plugins\com.st.stm32cube.common.mx_6.0.0.202007160824\\db\/plugins/mcufinder/images/boards/nucleo-u575zi-q_small.jpg
2023-05-05 15:47:35,693 [ERROR] DbBoards:189 - Image file not found for board NUCLEO-WB15CC: C:\ST\STM32CubeIDE_1.4.0\STM32CubeIDE\plugins\com.st.stm32cube.common.mx_6.0.0.202007160824\\db\/plugins/mcufinder/images/boards/nucleo-wb15cc_small.jpg
2023-05-05 15:47:35,694 [ERROR] DbBoards:189 - Image file not found for board NUCLEO-WB55RG: C:\ST\STM32CubeIDE_1.4.0\STM32CubeIDE\plugins\com.st.stm32cube.common.mx_6.0.0.202007160824\\db\/plugins/mcufinder/images/boards/nucleo-wb55rg_small.jpg
2023-05-05 15:47:35,694 [ERROR] DbBoards:189 - Image file not found for board NUCLEO-WL55JC: C:\ST\STM32CubeIDE_1.4.0\STM32CubeIDE\plugins\com.st.stm32cube.common.mx_6.0.0.202007160824\\db\/plugins/mcufinder/images/boards/nucleo-wl55jc-small.jpg
2023-05-05 15:47:36,009 [ERROR] DbBoards:189 - Image file not found for board STEVAL-STWINKT1B: C:\ST\STM32CubeIDE_1.4.0\STM32CubeIDE\plugins\com.st.stm32cube.common.mx_6.0.0.202007160824\\db\/plugins/mcufinder/images/boards/steval-stwinkt1b_small.jpg
2023-05-05 15:47:36,674 [ERROR] DbBoards:189 - Image file not found for board STM32G0C1E-EV: C:\ST\STM32CubeIDE_1.4.0\STM32CubeIDE\plugins\com.st.stm32cube.common.mx_6.0.0.202007160824\\db\/plugins/mcufinder/images/boards/stm32g0c1e-eval_small.jpg
2023-05-05 15:47:36,834 [ERROR] DbBoards:189 - Image file not found for board STM32H7B3I-EVAL: C:\ST\STM32CubeIDE_1.4.0\STM32CubeIDE\plugins\com.st.stm32cube.common.mx_6.0.0.202007160824\\db\/plugins/mcufinder/images/boards/stm32h7b3ieval_small.jpg
2023-05-05 15:47:37,209 [ERROR] DbBoards:189 - Image file not found for board STM32U575I-EV: C:\ST\STM32CubeIDE_1.4.0\STM32CubeIDE\plugins\com.st.stm32cube.common.mx_6.0.0.202007160824\\db\/plugins/mcufinder/images/boards/stm32u575i-ev_small.jpg
2023-05-05 15:47:37,275 [ERROR] DbBoards:189 - Image file not found for board STM32WB5MM-DK: C:\ST\STM32CubeIDE_1.4.0\STM32CubeIDE\plugins\com.st.stm32cube.common.mx_6.0.0.202007160824\\db\/plugins/mcufinder/images/boards/STM32WB5MM-DK_small.jpg
2023-05-05 15:47:37,276 [INFO] ApiDb:201 - Load user favorites file C:\Users\Lenovo/.stm32cubeide/favorites.boards.txt: 0 item(s)
2023-05-05 15:47:37,277 [INFO] ApiDb:205 - User favorites Boards=[]
2023-05-05 15:47:37,277 [INFO] DbBoards:206 - Set 0 / 0 favorites Boards
2023-05-05 15:47:44,470 [INFO] DbMcusDocs:145 - JSON generation date=Tue Nov 16 18:17:54 EET 2021 (1637079474)
2023-05-05 15:47:44,783 [INFO] DbMcusDocs:81 - Found 682 MCUs documents
2023-05-05 15:47:51,915 [INFO] LogOutputStream:76 - [STDOUT_REDIRECT] withoutVersionV1.8.4
2023-05-05 15:47:51,916 [INFO] LogOutputStream:76 - [STDOUT_REDIRECT] withoutVersionV1.8.3
2023-05-05 15:47:51,916 [INFO] LogOutputStream:76 - [STDOUT_REDIRECT] withoutVersionV1.8.2
2023-05-05 15:47:51,917 [INFO] LogOutputStream:76 - [STDOUT_REDIRECT] withoutVersionV1.8.1
2023-05-05 15:47:51,918 [INFO] LogOutputStream:76 - [STDOUT_REDIRECT] withoutVersionV1.8.0
2023-05-05 15:48:01,414 [INFO] ApiDb:226 - Save user favorites file C:\Users\Lenovo/.stm32cubeide/favorites.mcus.txt: 0 item(s)
2023-05-05 15:48:01,415 [INFO] ApiDb:230 - User favorites MCUs=[]
2023-05-07 18:26:33,341 [INFO] Activator:178 - 


2023-05-07 18:26:33,354 [INFO] Activator:179 - !SESSION log4j initialized
2023-05-07 18:28:10,228 [INFO] RetryExec:97 - I/O exception (org.apache.http.NoHttpResponseException) caught when processing request to {s}->https://download.eclipse.org:443: The target server failed to respond
2023-05-07 18:28:10,232 [INFO] RetryExec:113 - Retrying request to {s}->https://download.eclipse.org:443
2023-05-07 18:28:11,199 [INFO] RetryExec:97 - I/O exception (org.apache.http.NoHttpResponseException) caught when processing request to {s}->https://archive.eclipse.org:443: The target server failed to respond
2023-05-07 18:28:11,200 [INFO] RetryExec:113 - Retrying request to {s}->https://archive.eclipse.org:443
2023-05-07 18:28:12,211 [INFO] RetryExec:97 - I/O exception (org.apache.http.NoHttpResponseException) caught when processing request to {s}->https://download.eclipse.org:443: The target server failed to respond
2023-05-07 18:28:12,212 [INFO] RetryExec:113 - Retrying request to {s}->https://download.eclipse.org:443
2023-05-08 11:33:13,559 [INFO] Activator:178 - 


2023-05-08 11:33:13,611 [INFO] Activator:179 - !SESSION log4j initialized
2023-05-09 15:33:16,438 [INFO] Activator:178 - 


2023-05-09 15:33:16,456 [INFO] Activator:179 - !SESSION log4j initialized
2023-05-09 15:34:42,617 [INFO] RetryExec:97 - I/O exception (org.apache.http.NoHttpResponseException) caught when processing request to {s}->https://download.eclipse.org:443: The target server failed to respond
2023-05-09 15:34:42,619 [INFO] RetryExec:113 - Retrying request to {s}->https://download.eclipse.org:443
2023-05-09 15:34:43,728 [INFO] RetryExec:97 - I/O exception (org.apache.http.NoHttpResponseException) caught when processing request to {s}->https://archive.eclipse.org:443: The target server failed to respond
2023-05-09 15:34:43,728 [INFO] RetryExec:113 - Retrying request to {s}->https://archive.eclipse.org:443
2023-05-09 15:34:44,892 [INFO] RetryExec:97 - I/O exception (org.apache.http.NoHttpResponseException) caught when processing request to {s}->https://download.eclipse.org:443: The target server failed to respond
2023-05-09 15:34:44,893 [INFO] RetryExec:113 - Retrying request to {s}->https://download.eclipse.org:443
